<?xml version="1.0" encoding="UTF-8"?>
<!-- Generated by org.testng.reporters.JUnitReportReporter -->
<testsuite hostname="QF-GAOZHENBIN" name="com.qunar.testcase.mainstream.NewTest" tests="1" failures="0" timestamp="25 Sep 2015 03:40:30 GMT" time="0.011" errors="0">
  <testcase name="f" time="0.011" classname="com.qunar.testcase.mainstream.NewTest"/>
</testsuite> <!-- com.qunar.testcase.mainstream.NewTest -->
