<?xml version="1.0" encoding="UTF-8"?>
<!-- Generated by org.testng.reporters.JUnitReportReporter -->
<testsuite hostname="QF-GAOZHENBIN" name="CopyOfNewTest" tests="1" failures="0" timestamp="25 Sep 2015 07:41:44 GMT" time="40.192" errors="0">
  <testcase name="f" time="40.192" classname="CopyOfNewTest"/>
</testsuite> <!-- CopyOfNewTest -->
